1715527338662|DCVM Cyclic Barrier up and running!
1715527340036|DCVM Cyclic Barrier accepts: jvm2 localhost 57446
1715527340041|DCVM Cyclic Barrier has received 1 out of 5 expected.
1715527340079|DCVM Cyclic Barrier accepts: jvm3 localhost 57447
1715527340081|DCVM Cyclic Barrier has received 2 out of 5 expected.
1715527340103|DCVM Cyclic Barrier accepts: jvm4 localhost 57448
1715527340105|DCVM Cyclic Barrier has received 3 out of 5 expected.
1715527340139|DCVM Cyclic Barrier accepts: jvm5 localhost 57449
1715527340139|DCVM Cyclic Barrier has received 4 out of 5 expected.
1715527340157|All connected!
1715527340161|DCVM Cyclic Barrier accepts: jvm1 localhost 57450
1715527340163|DCVM Cyclic Barrier has received 5 out of 5 expected.
1715527340164|DCVM Cyclic Barrier releases 5 sites.
1715527340169|DCVM Cyclic Barrier accepts: jvm1 localhost 57450
1715527340170|DCVM Cyclic Barrier has received 1 out of 5 expected.
1715527340200|DCVM Cyclic Barrier accepts: jvm5 localhost 57449
1715527340200|DCVM Cyclic Barrier accepts: jvm2 localhost 57446
1715527340200|DCVM Cyclic Barrier accepts: jvm3 localhost 57447
1715527340200|DCVM Cyclic Barrier has received 2 out of 5 expected.
1715527340202|DCVM Cyclic Barrier accepts: jvm4 localhost 57448
1715527340206|DCVM Cyclic Barrier has received 3 out of 5 expected.
1715527340207|DCVM Cyclic Barrier has received 4 out of 5 expected.
1715527340210|DCVM Cyclic Barrier has received 5 out of 5 expected.
1715527340210|DCVM Cyclic Barrier releases 5 sites.
1715527344841|DCVM Cyclic Barrier accepts: jvm1 localhost 57450
1715527344854|DCVM Cyclic Barrier has received 1 out of 5 expected.
1715527346452|DCVM Cyclic Barrier accepts: jvm2 localhost 57446
1715527346457|DCVM Cyclic Barrier has received 2 out of 5 expected.
1715527346464|DCVM Cyclic Barrier accepts: jvm4 localhost 57448
1715527346466|DCVM Cyclic Barrier accepts: jvm5 localhost 57449
1715527346466|DCVM Cyclic Barrier has received 3 out of 5 expected.
1715527346471|DCVM Cyclic Barrier has received 4 out of 5 expected.
1715527346780|DCVM Cyclic Barrier accepts: jvm3 localhost 57447
1715527346781|DCVM Cyclic Barrier has received 5 out of 5 expected.
1715527346781|DCVM Cyclic Barrier releases 5 sites.
1715527346787|DCVM Cyclic Barrier accepts: jvm1 localhost 57450
1715527346789|DCVM Cyclic Barrier has received 1 out of 5 expected.
1715527346869|DCVM Cyclic Barrier accepts: jvm2 localhost 57446
1715527346871|DCVM Cyclic Barrier has received 2 out of 5 expected.
1715527346872|DCVM Cyclic Barrier accepts: jvm5 localhost 57449
1715527346875|DCVM Cyclic Barrier accepts: jvm3 localhost 57447
1715527346875|DCVM Cyclic Barrier has received 3 out of 5 expected.
1715527346876|DCVM Cyclic Barrier has received 4 out of 5 expected.
1715527346881|DCVM Cyclic Barrier accepts: jvm4 localhost 57448
1715527346889|DCVM Cyclic Barrier has received 5 out of 5 expected.
1715527346889|DCVM Cyclic Barrier releases 5 sites.
1715527346938|DCVM Cyclic Barrier accepts: jvm3 localhost 57447
1715527346940|DCVM Cyclic Barrier has received 1 out of 5 expected.
1715527346943|DCVM Cyclic Barrier accepts: jvm4 localhost 57448
1715527346955|DCVM Cyclic Barrier has received 2 out of 5 expected.
1715527346965|DCVM Cyclic Barrier accepts: jvm2 localhost 57446
1715527346965|DCVM Cyclic Barrier accepts: jvm1 localhost 57450
1715527346972|DCVM Cyclic Barrier has received 3 out of 5 expected.
1715527346974|DCVM Cyclic Barrier has received 4 out of 5 expected.
1715527346978|DCVM Cyclic Barrier accepts: jvm5 localhost 57449
1715527346982|DCVM Cyclic Barrier has received 5 out of 5 expected.
1715527346982|DCVM Cyclic Barrier releases 5 sites.
1715527361493|DCVMCyclicBarrier.run() finished.
1715527362419|DCVMCyclicBarrier.run() finished.
1715527366914|DCVMCyclicBarrier.run() finished.
1715527367980|DCVMCyclicBarrier.run() finished.
1715527369141|DCVMCyclicBarrier.run() finished.
1715527369143|DCVM Cyclic Barrier shuts down!
